Arguments: 
  C:\Program Files\nodejs\node.exe D:\nvm\node_global\node_modules\yarn\bin\yarn.js add antd@3

PATH: 
  C:\Program Files\Common Files\Oracle\Java\javapath;C:\Program Files (x86)\VMware\VMware Workstation\bin\;C:\Windows\system32;C:\Windows;C:\Windows\System32\Wbem;C:\Windows\System32\WindowsPowerShell\v1.0\;C:\Program Files (x86)\NVIDIA Corporation\PhysX\Common;C:\Program Files\Java\jdk1.8.0_131\bin;C:\Program Files\Java\jdk1.8.0_131\jre\bin;C:\Program Files\maven\apache-maven-3.8.4\bin;D:\develop\tomcat\apache-tomcat-9.0.59\bin;D:\develop\tomcat\apache-tomcat-9.0.59\lib;C:\Program Files\dotnet\;D:\develop\phpstudy_pro\Extensions\php\php7.3.4nts;D:\develop\phpstudy_pro\Extensions\MySQL5.7.26\bin;C:\Program Files\MongoDB\Server\5.0\bin;C:\Pro;ram Files\PowerShell\7\;C:\WINDOWS\system32;C:\WINDOWS;C:\WINDOWS\System32\Wbem;C:\WINDOWS\System32\WindowsPowerShell\v1.0\;C:\WINDOWS\System32\OpenSSH\;C:\Program Files\Git\cmd;C:\Program Files\Bandizip;E:\workprojectfile\apache-maven-3.8.6\bin;D:\nvm;C:\Program Files\nodejs;C:\Program Files (x86)\Tencent\微信web开发者工具\dll;%OPENSSL_HOME%;C:\Users\Administrator\AppData\Local\Programs\Python\Python39\Scripts\;C:\Users\Administrator\AppData\Local\Programs\Python\Python39\;C:\Users\Administrator\AppData\Local\Microsoft\WindowsApps;C:\Users\Administrator\AppData\Local\Programs\Microsoft VS Code\bin;C:\Program Files\JetBrains\IntelliJ IDEA 2021.3.2\bin;D:\develop\mingw\bin;%USERPROFILE%\AppData\Local\Microsoft\WindowsApps;%PyCharm%;%IntelliJ IDEA%;%WebStorm%;%NVM_HOME%;%NVM_SYMLINK%;D:\nvm\node_global;E:\caches\QQGame-v5.47.57938.0-Modified\QQGame\Hall.57938\;E:\studyprojectfile\dva-quickstart\node_modules\.bin

Yarn version: 
  1.22.19

Node version: 
  14.19.0

Platform: 
  win32 x64

Trace: 
  Error: ENOENT: no such file or directory, copyfile 'D:\nvm\Yarn\Cache\v6\npm-ms-2.1.2-d09d1f357b443f493382a8eb3ccd183872ae6009-integrity\node_modules\ms\index.js' -> 'E:\studyprojectfile\dva-quickstart\node_modules\@babel\helper-compilation-targets\node_modules\ms\index.js'

npm manifest: 
  {
    "private": true,
    "scripts": {
      "start": "roadhog server",
      "build": "roadhog build",
      "lint": "eslint --ext .js src test",
      "precommit": "npm run lint"
    },
    "dependencies": {
      "dva": "^2.4.1",
      "react": "^16.2.0",
      "react-dom": "^16.2.0"
    },
    "devDependencies": {
      "babel-plugin-dva-hmr": "^0.3.2",
      "eslint": "^4.14.0",
      "eslint-config-umi": "^0.1.1",
      "eslint-plugin-flowtype": "^2.34.1",
      "eslint-plugin-import": "^2.6.0",
      "eslint-plugin-jsx-a11y": "^5.1.1",
      "eslint-plugin-react": "^7.1.0",
      "husky": "^0.12.0",
      "redbox-react": "^1.4.3",
      "roadhog": "^2.5.0-beta.4"
    }
  }

yarn manifest: 
  No manifest

Lockfile: 
  No lockfile
